<?xml version="1.0" encoding="UTF-8"?>
<!-- Generated by org.testng.reporters.JUnitXMLReporter -->
<testsuite ignored="0" hostname="muhammadnaeem" failures="1" tests="4" name="login test" time="14.383" errors="0" timestamp="2023-05-15T23:53:25 EDT">
  <testcase classname="us.piit.LoginTest" name="invalidUsername" time="0.428"/>
  <testcase classname="us.piit.LoginTest" name="missingPasswrod" time="0.399">
    <failure type="java.lang.AssertionError" message="expected [Epic sadface: Password is required] but found [Epic sadface: Username is required]">
      <![CDATA[java.lang.AssertionError: expected [Epic sadface: Password is required] but found [Epic sadface: Username is required]
at us.piit.LoginTest.missingPasswrod(LoginTest.java:97)
at java.base/java.util.ArrayList.forEach(ArrayList.java:1541)
at com.intellij.rt.testng.IDEARemoteTestNG.run(IDEARemoteTestNG.java:66)
at com.intellij.rt.testng.RemoteTestNGStarter.main(RemoteTestNGStarter.java:105)
... Removed 30 stack frames]]>
    </failure>
  </testcase> <!-- missingPasswrod -->
  <testcase classname="us.piit.LoginTest" name="missingUsername" time="0.452"/>
  <testcase classname="us.piit.LoginTest" name="validCredential" time="0.548"/>
</testsuite> <!-- login test -->
